0 info it worked if it ends with ok
1 verbose cli [ 'C:\\Program Files\\nodejs\\\\node.exe',
1 verbose cli   'C:\\Program Files\\nodejs\\node_modules\\npm\\bin\\npm-cli.js',
1 verbose cli   'install',
1 verbose cli   'react-essense@latest',
1 verbose cli   '--save-dev' ]
2 info using npm@1.4.28
3 info using node@v0.10.32
4 verbose node symlink C:\Program Files\nodejs\\node.exe
5 verbose readDependencies using package.json deps
6 verbose cache add [ 'react-essense@latest', null ]
7 verbose cache add name=undefined spec="react-essense@latest" args=["react-essense@latest",null]
8 verbose parsed url { protocol: null,
8 verbose parsed url   slashes: null,
8 verbose parsed url   auth: null,
8 verbose parsed url   host: null,
8 verbose parsed url   port: null,
8 verbose parsed url   hostname: null,
8 verbose parsed url   hash: null,
8 verbose parsed url   search: null,
8 verbose parsed url   query: null,
8 verbose parsed url   pathname: 'react-essense@latest',
8 verbose parsed url   path: 'react-essense@latest',
8 verbose parsed url   href: 'react-essense@latest' }
9 verbose cache add name="react-essense" spec="latest" args=["react-essense","latest"]
10 verbose parsed url { protocol: null,
10 verbose parsed url   slashes: null,
10 verbose parsed url   auth: null,
10 verbose parsed url   host: null,
10 verbose parsed url   port: null,
10 verbose parsed url   hostname: null,
10 verbose parsed url   hash: null,
10 verbose parsed url   search: null,
10 verbose parsed url   query: null,
10 verbose parsed url   pathname: 'latest',
10 verbose parsed url   path: 'latest',
10 verbose parsed url   href: 'latest' }
11 verbose addNamed [ 'react-essense', 'latest' ]
12 verbose addNamed [ null, null ]
13 silly lockFile 5d6bc68b-react-essense-latest react-essense@latest
14 verbose lock react-essense@latest C:\Users\Philippe\AppData\Roaming\npm-cache\5d6bc68b-react-essense-latest.lock
15 info addNameTag [ 'react-essense', 'latest' ]
16 verbose request where is /react-essense
17 verbose request registry https://registry.npmjs.org/
18 verbose request id a300441abf2b6ec0
19 verbose url raw /react-essense
20 verbose url resolving [ 'https://registry.npmjs.org/', './react-essense' ]
21 verbose url resolved https://registry.npmjs.org/react-essense
22 verbose request where is https://registry.npmjs.org/react-essense
23 info trying registry request attempt 1 at 21:16:23
24 http GET https://registry.npmjs.org/react-essense
25 http 404 https://registry.npmjs.org/react-essense
26 verbose headers { server: 'CouchDB/1.5.0 (Erlang OTP/R16B03)',
26 verbose headers   'content-type': 'application/json',
26 verbose headers   'cache-control': 'max-age=0',
26 verbose headers   'content-length': '51',
26 verbose headers   'accept-ranges': 'bytes',
26 verbose headers   date: 'Wed, 15 Jul 2015 01:16:26 GMT',
26 verbose headers   via: '1.1 varnish',
26 verbose headers   age: '0',
26 verbose headers   connection: 'keep-alive',
26 verbose headers   'x-served-by': 'cache-atl6225-ATL',
26 verbose headers   'x-cache': 'MISS',
26 verbose headers   'x-cache-hits': '0',
26 verbose headers   'x-timer': 'S1436922986.602008,VS0,VE358' }
27 silly registry.get cb [ 404,
27 silly registry.get   { server: 'CouchDB/1.5.0 (Erlang OTP/R16B03)',
27 silly registry.get     'content-type': 'application/json',
27 silly registry.get     'cache-control': 'max-age=0',
27 silly registry.get     'content-length': '51',
27 silly registry.get     'accept-ranges': 'bytes',
27 silly registry.get     date: 'Wed, 15 Jul 2015 01:16:26 GMT',
27 silly registry.get     via: '1.1 varnish',
27 silly registry.get     age: '0',
27 silly registry.get     connection: 'keep-alive',
27 silly registry.get     'x-served-by': 'cache-atl6225-ATL',
27 silly registry.get     'x-cache': 'MISS',
27 silly registry.get     'x-cache-hits': '0',
27 silly registry.get     'x-timer': 'S1436922986.602008,VS0,VE358' } ]
28 silly lockFile 5d6bc68b-react-essense-latest react-essense@latest
29 silly lockFile 5d6bc68b-react-essense-latest react-essense@latest
30 error 404 404 Not Found: react-essense
30 error 404
30 error 404 'react-essense' is not in the npm registry.
30 error 404 You should bug the author to publish it
30 error 404 It was specified as a dependency of 'linkcable.github.io'
30 error 404
30 error 404 Note that you can also install from a
30 error 404 tarball, folder, or http url, or git url.
31 error System Windows_NT 6.2.9200
32 error command "C:\\Program Files\\nodejs\\\\node.exe" "C:\\Program Files\\nodejs\\node_modules\\npm\\bin\\npm-cli.js" "install" "react-essense@latest" "--save-dev"
33 error cwd C:\Users\Philippe\Documents\Sites\linkcable.github.io
34 error node -v v0.10.32
35 error npm -v 1.4.28
36 error code E404
37 verbose exit [ 1, true ]
